gain	0	1	-67.36
gain	1	0	-66.80
gain	0	2	-79.96
gain	2	0	-86.69
gain	0	3	-85.74
gain	3	0	-90.03
gain	0	4	-92.40
gain	4	0	-92.29
gain	0	5	-68.22
gain	5	0	-74.67
gain	0	6	-71.46
gain	6	0	-70.50
gain	0	7	-76.98
gain	7	0	-84.60
gain	0	8	-89.47
gain	8	0	-92.15
gain	0	9	-91.49
gain	9	0	-93.63
gain	0	10	-76.27
gain	10	0	-76.53
gain	0	11	-81.68
gain	11	0	-86.98
gain	0	12	-85.51
gain	12	0	-87.43
gain	0	13	-86.82
gain	13	0	-88.73
gain	0	14	-92.39
gain	14	0	-98.36
gain	0	15	-93.64
gain	15	0	-102.25
gain	0	16	-91.73
gain	16	0	-100.85
gain	0	17	-93.80
gain	17	0	-94.57
gain	0	18	-96.80
gain	18	0	-104.20
gain	0	19	-97.18
gain	19	0	-104.06
gain	0	20	-90.51
gain	20	0	-93.40
gain	0	21	-93.75
gain	21	0	-97.59
gain	0	22	-95.98
gain	22	0	-96.57
gain	0	23	-94.71
gain	23	0	-99.22
gain	0	24	-104.86
gain	24	0	-111.77
gain	1	2	-65.36
gain	2	1	-72.64
gain	1	3	-81.02
gain	3	1	-85.87
gain	1	4	-78.45
gain	4	1	-78.90
gain	1	5	-73.48
gain	5	1	-80.49
gain	1	6	-61.63
gain	6	1	-61.23
gain	1	7	-75.46
gain	7	1	-83.63
gain	1	8	-79.45
gain	8	1	-82.68
gain	1	9	-91.17
gain	9	1	-93.87
gain	1	10	-75.17
gain	10	1	-75.99
gain	1	11	-78.96
gain	11	1	-84.81
gain	1	12	-86.19
gain	12	1	-88.67
gain	1	13	-84.96
gain	13	1	-87.43
gain	1	14	-92.50
gain	14	1	-99.03
gain	1	15	-85.99
gain	15	1	-95.16
gain	1	16	-84.27
gain	16	1	-93.95
gain	1	17	-86.27
gain	17	1	-87.60
gain	1	18	-94.18
gain	18	1	-102.15
gain	1	19	-91.58
gain	19	1	-99.02
gain	1	20	-97.38
gain	20	1	-100.83
gain	1	21	-98.08
gain	21	1	-102.48
gain	1	22	-96.71
gain	22	1	-97.86
gain	1	23	-91.77
gain	23	1	-96.85
gain	1	24	-102.14
gain	24	1	-109.61
gain	2	3	-70.46
gain	3	2	-68.03
gain	2	4	-82.58
gain	4	2	-75.74
gain	2	5	-91.30
gain	5	2	-91.02
gain	2	6	-78.30
gain	6	2	-70.61
gain	2	7	-74.89
gain	7	2	-75.78
gain	2	8	-78.34
gain	8	2	-74.29
gain	2	9	-88.84
gain	9	2	-84.25
gain	2	10	-97.73
gain	10	2	-91.26
gain	2	11	-89.65
gain	11	2	-88.22
gain	2	12	-91.60
gain	12	2	-86.80
gain	2	13	-90.15
gain	13	2	-85.34
gain	2	14	-90.41
gain	14	2	-89.66
gain	2	15	-91.73
gain	15	2	-93.61
gain	2	16	-93.74
gain	16	2	-96.13
gain	2	17	-93.08
gain	17	2	-87.12
gain	2	18	-94.62
gain	18	2	-95.30
gain	2	19	-94.60
gain	19	2	-94.76
gain	2	20	-104.88
gain	20	2	-101.04
gain	2	21	-103.34
gain	21	2	-100.45
gain	2	22	-103.06
gain	22	2	-96.92
gain	2	23	-99.80
gain	23	2	-97.59
gain	2	24	-99.58
gain	24	2	-99.76
gain	3	4	-72.05
gain	4	3	-67.65
gain	3	5	-96.47
gain	5	3	-98.63
gain	3	6	-88.44
gain	6	3	-83.19
gain	3	7	-73.74
gain	7	3	-77.06
gain	3	8	-74.73
gain	8	3	-73.12
gain	3	9	-78.86
gain	9	3	-76.71
gain	3	10	-99.07
gain	10	3	-95.04
gain	3	11	-89.31
gain	11	3	-90.31
gain	3	12	-84.78
gain	12	3	-82.41
gain	3	13	-82.53
gain	13	3	-80.15
gain	3	14	-89.67
gain	14	3	-91.34
gain	3	15	-95.10
gain	15	3	-99.42
gain	3	16	-94.58
gain	16	3	-99.41
gain	3	17	-95.65
gain	17	3	-92.13
gain	3	18	-100.14
gain	18	3	-103.25
gain	3	19	-93.61
gain	19	3	-96.20
gain	3	20	-98.67
gain	20	3	-97.26
gain	3	21	-102.00
gain	21	3	-101.56
gain	3	22	-103.42
gain	22	3	-99.72
gain	3	23	-100.49
gain	23	3	-100.71
gain	3	24	-95.75
gain	24	3	-98.37
gain	4	5	-93.80
gain	5	4	-100.36
gain	4	6	-81.67
gain	6	4	-80.82
gain	4	7	-85.95
gain	7	4	-93.67
gain	4	8	-77.26
gain	8	4	-80.04
gain	4	9	-62.61
gain	9	4	-64.85
gain	4	10	-99.80
gain	10	4	-100.17
gain	4	11	-90.50
gain	11	4	-95.90
gain	4	12	-88.99
gain	12	4	-91.02
gain	4	13	-78.30
gain	13	4	-80.32
gain	4	14	-77.64
gain	14	4	-83.71
gain	4	15	-95.61
gain	15	4	-104.32
gain	4	16	-88.71
gain	16	4	-97.94
gain	4	17	-94.28
gain	17	4	-95.16
gain	4	18	-96.29
gain	18	4	-103.80
gain	4	19	-81.77
gain	19	4	-88.76
gain	4	20	-96.26
gain	20	4	-99.25
gain	4	21	-96.53
gain	21	4	-100.49
gain	4	22	-92.90
gain	22	4	-93.60
gain	4	23	-93.78
gain	23	4	-98.40
gain	4	24	-94.47
gain	24	4	-101.49
gain	5	6	-67.05
gain	6	5	-59.64
gain	5	7	-88.02
gain	7	5	-89.18
gain	5	8	-90.53
gain	8	5	-86.75
gain	5	9	-98.33
gain	9	5	-94.01
gain	5	10	-73.45
gain	10	5	-67.26
gain	5	11	-78.21
gain	11	5	-77.05
gain	5	12	-84.38
gain	12	5	-79.86
gain	5	13	-97.08
gain	13	5	-92.54
gain	5	14	-101.72
gain	14	5	-101.23
gain	5	15	-86.39
gain	15	5	-88.55
gain	5	16	-86.37
gain	16	5	-89.04
gain	5	17	-94.51
gain	17	5	-88.83
gain	5	18	-99.03
gain	18	5	-99.98
gain	5	19	-99.14
gain	19	5	-99.57
gain	5	20	-89.33
gain	20	5	-85.76
gain	5	21	-95.11
gain	21	5	-92.50
gain	5	22	-97.23
gain	22	5	-91.37
gain	5	23	-96.49
gain	23	5	-94.55
gain	5	24	-103.39
gain	24	5	-103.85
gain	6	7	-72.94
gain	7	6	-81.51
gain	6	8	-84.90
gain	8	6	-88.54
gain	6	9	-88.59
gain	9	6	-91.68
gain	6	10	-68.59
gain	10	6	-69.82
gain	6	11	-63.38
gain	11	6	-69.64
gain	6	12	-67.82
gain	12	6	-70.71
gain	6	13	-81.42
gain	13	6	-84.29
gain	6	14	-81.14
gain	14	6	-88.07
gain	6	15	-76.19
gain	15	6	-85.76
gain	6	16	-78.85
gain	16	6	-88.93
gain	6	17	-81.44
gain	17	6	-83.17
gain	6	18	-83.36
gain	18	6	-91.73
gain	6	19	-91.39
gain	19	6	-99.23
gain	6	20	-83.89
gain	20	6	-87.74
gain	6	21	-86.85
gain	21	6	-91.65
gain	6	22	-83.30
gain	22	6	-84.85
gain	6	23	-89.66
gain	23	6	-95.14
gain	6	24	-87.64
gain	24	6	-95.51
gain	7	8	-73.06
gain	8	7	-68.12
gain	7	9	-85.89
gain	9	7	-80.41
gain	7	10	-88.42
gain	10	7	-81.06
gain	7	11	-81.73
gain	11	7	-79.41
gain	7	12	-77.47
gain	12	7	-71.78
gain	7	13	-77.71
gain	13	7	-72.02
gain	7	14	-86.61
gain	14	7	-84.97
gain	7	15	-88.71
gain	15	7	-89.70
gain	7	16	-88.97
gain	16	7	-90.48
gain	7	17	-86.66
gain	17	7	-79.82
gain	7	18	-90.12
gain	18	7	-89.91
gain	7	19	-99.48
gain	19	7	-98.75
gain	7	20	-99.11
gain	20	7	-94.39
gain	7	21	-98.38
gain	21	7	-94.61
gain	7	22	-97.80
gain	22	7	-90.78
gain	7	23	-98.45
gain	23	7	-95.35
gain	7	24	-98.79
gain	24	7	-98.08
gain	8	9	-63.10
gain	9	8	-62.56
gain	8	10	-99.66
gain	10	8	-97.25
gain	8	11	-85.03
gain	11	8	-87.65
gain	8	12	-74.99
gain	12	8	-74.24
gain	8	13	-69.23
gain	13	8	-68.46
gain	8	14	-75.20
gain	14	8	-78.50
gain	8	15	-92.91
gain	15	8	-98.84
gain	8	16	-83.61
gain	16	8	-90.06
gain	8	17	-81.47
gain	17	8	-79.57
gain	8	18	-81.59
gain	18	8	-86.32
gain	8	19	-78.95
gain	19	8	-83.16
gain	8	20	-96.04
gain	20	8	-96.25
gain	8	21	-93.96
gain	21	8	-95.13
gain	8	22	-96.79
gain	22	8	-94.70
gain	8	23	-85.97
gain	23	8	-87.81
gain	8	24	-92.90
gain	24	8	-97.14
gain	9	10	-90.50
gain	10	9	-88.62
gain	9	11	-86.55
gain	11	9	-89.71
gain	9	12	-82.58
gain	12	9	-82.37
gain	9	13	-73.60
gain	13	9	-73.37
gain	9	14	-65.41
gain	14	9	-69.24
gain	9	15	-93.25
gain	15	9	-99.72
gain	9	16	-96.06
gain	16	9	-103.04
gain	9	17	-89.46
gain	17	9	-88.09
gain	9	18	-79.18
gain	18	9	-84.45
gain	9	19	-86.71
gain	19	9	-91.45
gain	9	20	-96.05
gain	20	9	-96.80
gain	9	21	-95.27
gain	21	9	-96.98
gain	9	22	-96.70
gain	22	9	-95.15
gain	9	23	-94.51
gain	23	9	-96.88
gain	9	24	-89.18
gain	24	9	-93.96
gain	10	11	-64.12
gain	11	10	-69.15
gain	10	12	-86.46
gain	12	10	-88.12
gain	10	13	-87.60
gain	13	10	-89.25
gain	10	14	-95.13
gain	14	10	-100.84
gain	10	15	-66.57
gain	15	10	-74.92
gain	10	16	-66.82
gain	16	10	-75.68
gain	10	17	-84.39
gain	17	10	-84.90
gain	10	18	-84.93
gain	18	10	-92.07
gain	10	19	-90.14
gain	19	10	-96.76
gain	10	20	-79.58
gain	20	10	-82.21
gain	10	21	-89.52
gain	21	10	-93.10
gain	10	22	-85.10
gain	22	10	-85.43
gain	10	23	-90.24
gain	23	10	-94.50
gain	10	24	-92.47
gain	24	10	-99.12
gain	11	12	-72.05
gain	12	11	-68.68
gain	11	13	-83.32
gain	13	11	-79.94
gain	11	14	-90.92
gain	14	11	-91.59
gain	11	15	-74.20
gain	15	11	-77.52
gain	11	16	-67.91
gain	16	11	-71.73
gain	11	17	-75.38
gain	17	11	-70.86
gain	11	18	-85.04
gain	18	11	-87.15
gain	11	19	-91.82
gain	19	11	-93.41
gain	11	20	-83.45
gain	20	11	-81.05
gain	11	21	-83.49
gain	21	11	-82.04
gain	11	22	-87.19
gain	22	11	-82.48
gain	11	23	-92.63
gain	23	11	-91.85
gain	11	24	-94.78
gain	24	11	-96.39
gain	12	13	-66.43
gain	13	12	-66.42
gain	12	14	-78.88
gain	14	12	-82.93
gain	12	15	-89.71
gain	15	12	-96.40
gain	12	16	-76.33
gain	16	12	-83.52
gain	12	17	-67.81
gain	17	12	-66.66
gain	12	18	-74.20
gain	18	12	-79.68
gain	12	19	-91.09
gain	19	12	-96.05
gain	12	20	-91.49
gain	20	12	-92.45
gain	12	21	-84.77
gain	21	12	-86.69
gain	12	22	-88.06
gain	22	12	-86.72
gain	12	23	-81.74
gain	23	12	-84.34
gain	12	24	-88.15
gain	24	12	-93.14
gain	13	14	-65.52
gain	14	13	-69.57
gain	13	15	-92.92
gain	15	13	-99.62
gain	13	16	-84.35
gain	16	13	-91.56
gain	13	17	-77.53
gain	17	13	-76.40
gain	13	18	-68.98
gain	18	13	-74.48
gain	13	19	-67.09
gain	19	13	-72.06
gain	13	20	-88.46
gain	20	13	-89.43
gain	13	21	-85.57
gain	21	13	-87.50
gain	13	22	-83.80
gain	22	13	-82.47
gain	13	23	-82.05
gain	23	13	-84.66
gain	13	24	-87.35
gain	24	13	-92.34
gain	14	15	-95.53
gain	15	14	-98.17
gain	14	16	-92.34
gain	16	14	-95.49
gain	14	17	-87.25
gain	17	14	-82.05
gain	14	18	-82.12
gain	18	14	-83.56
gain	14	19	-75.53
gain	19	14	-76.45
gain	14	20	-103.34
gain	20	14	-100.26
gain	14	21	-95.33
gain	21	14	-93.20
gain	14	22	-92.40
gain	22	14	-87.02
gain	14	23	-91.19
gain	23	14	-89.74
gain	14	24	-81.77
gain	24	14	-82.71
gain	15	16	-75.26
gain	16	15	-75.77
gain	15	17	-82.94
gain	17	15	-75.10
gain	15	18	-98.67
gain	18	15	-97.46
gain	15	19	-98.67
gain	19	15	-96.94
gain	15	20	-76.37
gain	20	15	-70.65
gain	15	21	-84.00
gain	21	15	-79.24
gain	15	22	-91.11
gain	22	15	-83.09
gain	15	23	-103.96
gain	23	15	-99.86
gain	15	24	-98.05
gain	24	15	-96.35
gain	16	17	-76.36
gain	17	16	-68.01
gain	16	18	-86.34
gain	18	16	-84.63
gain	16	19	-97.02
gain	19	16	-94.78
gain	16	20	-84.29
gain	20	16	-78.05
gain	16	21	-76.62
gain	21	16	-71.35
gain	16	22	-80.64
gain	22	16	-72.11
gain	16	23	-94.29
gain	23	16	-89.68
gain	16	24	-98.10
gain	24	16	-95.89
gain	17	18	-67.92
gain	18	17	-74.56
gain	17	19	-77.84
gain	19	17	-83.95
gain	17	20	-84.23
gain	20	17	-86.35
gain	17	21	-72.32
gain	21	17	-75.39
gain	17	22	-68.31
gain	22	17	-68.13
gain	17	23	-71.55
gain	23	17	-75.30
gain	17	24	-84.19
gain	24	17	-90.33
gain	18	19	-71.92
gain	19	18	-71.39
gain	18	20	-98.45
gain	20	18	-93.94
gain	18	21	-85.15
gain	21	18	-81.59
gain	18	22	-76.52
gain	22	18	-69.70
gain	18	23	-69.94
gain	23	18	-67.05
gain	18	24	-83.98
gain	24	18	-83.49
gain	19	20	-95.13
gain	20	19	-91.14
gain	19	21	-96.01
gain	21	19	-92.97
gain	19	22	-94.22
gain	22	19	-87.93
gain	19	23	-79.61
gain	23	19	-77.25
gain	19	24	-71.33
gain	24	19	-71.36
gain	20	21	-68.87
gain	21	20	-69.83
gain	20	22	-79.04
gain	22	20	-76.74
gain	20	23	-90.66
gain	23	20	-92.29
gain	20	24	-99.71
gain	24	20	-103.73
gain	21	22	-64.24
gain	22	21	-60.98
gain	21	23	-84.95
gain	23	21	-85.62
gain	21	24	-87.12
gain	24	21	-90.19
gain	22	23	-68.63
gain	23	22	-72.55
gain	22	24	-82.14
gain	24	22	-88.46
gain	23	24	-68.64
gain	24	23	-71.04
noise	0	-107.02	4.00
noise	1	-109.63	4.00
noise	2	-104.09	4.00
noise	3	-104.75	4.00
noise	4	-108.36	4.00
noise	5	-105.70	4.00
noise	6	-108.22	4.00
noise	7	-103.93	4.00
noise	8	-105.57	4.00
noise	9	-105.41	4.00
noise	10	-107.42	4.00
noise	11	-107.16	4.00
noise	12	-105.35	4.00
noise	13	-105.20	4.00
noise	14	-102.69	4.00
noise	15	-104.29	4.00
noise	16	-103.36	4.00
noise	17	-108.69	4.00
noise	18	-102.66	4.00
noise	19	-104.63	4.00
noise	20	-106.64	4.00
noise	21	-104.80	4.00
noise	22	-109.93	4.00
noise	23	-103.36	4.00
noise	24	-104.09	4.00
