gain	0	1	-71.01
gain	1	0	-70.83
gain	0	2	-85.90
gain	2	0	-82.43
gain	0	3	-91.30
gain	3	0	-91.18
gain	0	4	-97.96
gain	4	0	-98.00
gain	0	5	-67.22
gain	5	0	-64.99
gain	0	6	-72.10
gain	6	0	-69.01
gain	0	7	-87.57
gain	7	0	-86.78
gain	0	8	-97.09
gain	8	0	-95.39
gain	0	9	-98.69
gain	9	0	-95.14
gain	0	10	-87.21
gain	10	0	-78.18
gain	0	11	-87.28
gain	11	0	-81.49
gain	0	12	-94.51
gain	12	0	-88.34
gain	0	13	-100.84
gain	13	0	-93.78
gain	0	14	-100.86
gain	14	0	-98.31
gain	0	15	-94.02
gain	15	0	-91.17
gain	0	16	-96.49
gain	16	0	-94.42
gain	0	17	-96.10
gain	17	0	-91.68
gain	0	18	-103.78
gain	18	0	-103.92
gain	0	19	-108.64
gain	19	0	-107.13
gain	0	20	-100.21
gain	20	0	-96.82
gain	0	21	-96.74
gain	21	0	-94.26
gain	0	22	-102.88
gain	22	0	-97.83
gain	0	23	-104.45
gain	23	0	-104.33
gain	0	24	-108.65
gain	24	0	-104.77
gain	1	2	-73.19
gain	2	1	-69.90
gain	1	3	-83.76
gain	3	1	-83.82
gain	1	4	-91.15
gain	4	1	-91.37
gain	1	5	-77.26
gain	5	1	-75.22
gain	1	6	-76.25
gain	6	1	-73.34
gain	1	7	-77.93
gain	7	1	-77.32
gain	1	8	-91.10
gain	8	1	-89.59
gain	1	9	-94.13
gain	9	1	-90.75
gain	1	10	-87.37
gain	10	1	-78.53
gain	1	11	-89.45
gain	11	1	-83.83
gain	1	12	-87.64
gain	12	1	-81.65
gain	1	13	-96.63
gain	13	1	-89.75
gain	1	14	-102.28
gain	14	1	-99.90
gain	1	15	-90.88
gain	15	1	-88.21
gain	1	16	-96.36
gain	16	1	-94.47
gain	1	17	-100.45
gain	17	1	-96.21
gain	1	18	-99.09
gain	18	1	-99.41
gain	1	19	-97.84
gain	19	1	-96.51
gain	1	20	-98.87
gain	20	1	-95.66
gain	1	21	-98.95
gain	21	1	-96.64
gain	1	22	-98.91
gain	22	1	-94.04
gain	1	23	-97.63
gain	23	1	-97.69
gain	1	24	-108.42
gain	24	1	-104.73
gain	2	3	-68.06
gain	3	2	-71.41
gain	2	4	-80.14
gain	4	2	-83.65
gain	2	5	-84.77
gain	5	2	-86.01
gain	2	6	-69.17
gain	6	2	-69.54
gain	2	7	-66.28
gain	7	2	-68.95
gain	2	8	-77.42
gain	8	2	-79.19
gain	2	9	-82.91
gain	9	2	-82.82
gain	2	10	-88.41
gain	10	2	-82.85
gain	2	11	-82.99
gain	11	2	-80.66
gain	2	12	-83.05
gain	12	2	-80.35
gain	2	13	-83.25
gain	13	2	-79.65
gain	2	14	-94.43
gain	14	2	-95.34
gain	2	15	-94.36
gain	15	2	-94.97
gain	2	16	-88.32
gain	16	2	-89.72
gain	2	17	-88.91
gain	17	2	-87.95
gain	2	18	-95.54
gain	18	2	-99.14
gain	2	19	-94.72
gain	19	2	-96.67
gain	2	20	-97.13
gain	20	2	-97.20
gain	2	21	-98.90
gain	21	2	-99.88
gain	2	22	-93.49
gain	22	2	-91.90
gain	2	23	-101.38
gain	23	2	-104.72
gain	2	24	-99.65
gain	24	2	-99.25
gain	3	4	-73.74
gain	4	3	-73.89
gain	3	5	-94.46
gain	5	3	-92.35
gain	3	6	-89.02
gain	6	3	-86.05
gain	3	7	-75.33
gain	7	3	-74.65
gain	3	8	-68.29
gain	8	3	-66.71
gain	3	9	-72.19
gain	9	3	-68.75
gain	3	10	-100.42
gain	10	3	-91.51
gain	3	11	-95.98
gain	11	3	-90.30
gain	3	12	-91.38
gain	12	3	-85.32
gain	3	13	-88.18
gain	13	3	-81.23
gain	3	14	-88.29
gain	14	3	-85.85
gain	3	15	-101.44
gain	15	3	-98.70
gain	3	16	-93.72
gain	16	3	-91.76
gain	3	17	-101.31
gain	17	3	-97.01
gain	3	18	-95.33
gain	18	3	-95.58
gain	3	19	-96.95
gain	19	3	-95.55
gain	3	20	-99.58
gain	20	3	-96.30
gain	3	21	-98.82
gain	21	3	-96.45
gain	3	22	-101.59
gain	22	3	-96.65
gain	3	23	-100.59
gain	23	3	-100.59
gain	3	24	-101.97
gain	24	3	-98.21
gain	4	5	-106.75
gain	5	4	-104.49
gain	4	6	-97.06
gain	6	4	-93.93
gain	4	7	-89.70
gain	7	4	-88.87
gain	4	8	-74.91
gain	8	4	-73.18
gain	4	9	-71.33
gain	9	4	-67.73
gain	4	10	-109.89
gain	10	4	-100.83
gain	4	11	-99.25
gain	11	4	-93.41
gain	4	12	-96.22
gain	12	4	-90.01
gain	4	13	-89.95
gain	13	4	-82.85
gain	4	14	-82.94
gain	14	4	-80.34
gain	4	15	-108.30
gain	15	4	-105.41
gain	4	16	-103.06
gain	16	4	-100.96
gain	4	17	-101.25
gain	17	4	-96.79
gain	4	18	-93.46
gain	18	4	-93.56
gain	4	19	-92.82
gain	19	4	-91.26
gain	4	20	-112.84
gain	20	4	-109.41
gain	4	21	-104.19
gain	21	4	-101.67
gain	4	22	-108.20
gain	22	4	-103.11
gain	4	23	-101.28
gain	23	4	-101.12
gain	4	24	-100.48
gain	24	4	-96.57
gain	5	6	-71.24
gain	6	5	-70.37
gain	5	7	-83.32
gain	7	5	-84.75
gain	5	8	-91.65
gain	8	5	-92.18
gain	5	9	-95.33
gain	9	5	-94.00
gain	5	10	-68.66
gain	10	5	-61.86
gain	5	11	-80.97
gain	11	5	-77.40
gain	5	12	-82.94
gain	12	5	-78.99
gain	5	13	-93.85
gain	13	5	-89.01
gain	5	14	-99.53
gain	14	5	-99.19
gain	5	15	-83.12
gain	15	5	-82.49
gain	5	16	-83.12
gain	16	5	-83.28
gain	5	17	-88.12
gain	17	5	-85.92
gain	5	18	-98.12
gain	18	5	-100.48
gain	5	19	-97.20
gain	19	5	-97.91
gain	5	20	-96.45
gain	20	5	-95.28
gain	5	21	-91.20
gain	21	5	-90.95
gain	5	22	-96.86
gain	22	5	-94.03
gain	5	23	-101.95
gain	23	5	-104.05
gain	5	24	-98.34
gain	24	5	-96.69
gain	6	7	-71.47
gain	7	6	-73.76
gain	6	8	-83.92
gain	8	6	-85.31
gain	6	9	-87.37
gain	9	6	-86.90
gain	6	10	-70.87
gain	10	6	-64.93
gain	6	11	-67.76
gain	11	6	-65.06
gain	6	12	-77.69
gain	12	6	-74.60
gain	6	13	-92.23
gain	13	6	-88.25
gain	6	14	-98.74
gain	14	6	-99.27
gain	6	15	-86.52
gain	15	6	-86.75
gain	6	16	-86.39
gain	16	6	-87.41
gain	6	17	-84.71
gain	17	6	-83.38
gain	6	18	-92.50
gain	18	6	-95.73
gain	6	19	-96.26
gain	19	6	-97.83
gain	6	20	-93.28
gain	20	6	-92.98
gain	6	21	-95.52
gain	21	6	-96.12
gain	6	22	-94.27
gain	22	6	-92.30
gain	6	23	-93.50
gain	23	6	-96.47
gain	6	24	-94.41
gain	24	6	-93.62
gain	7	8	-67.96
gain	8	7	-67.06
gain	7	9	-90.38
gain	9	7	-87.62
gain	7	10	-88.73
gain	10	7	-80.49
gain	7	11	-79.81
gain	11	7	-74.81
gain	7	12	-72.92
gain	12	7	-67.54
gain	7	13	-77.19
gain	13	7	-70.92
gain	7	14	-90.67
gain	14	7	-88.91
gain	7	15	-92.44
gain	15	7	-90.38
gain	7	16	-84.36
gain	16	7	-83.09
gain	7	17	-89.79
gain	17	7	-86.16
gain	7	18	-84.13
gain	18	7	-85.06
gain	7	19	-90.63
gain	19	7	-89.91
gain	7	20	-100.38
gain	20	7	-97.78
gain	7	21	-97.99
gain	21	7	-96.30
gain	7	22	-97.10
gain	22	7	-92.84
gain	7	23	-96.47
gain	23	7	-97.14
gain	7	24	-94.49
gain	24	7	-91.41
gain	8	9	-71.97
gain	9	8	-70.10
gain	8	10	-90.81
gain	10	8	-83.48
gain	8	11	-92.82
gain	11	8	-88.72
gain	8	12	-79.09
gain	12	8	-74.61
gain	8	13	-72.62
gain	13	8	-67.25
gain	8	14	-79.06
gain	14	8	-78.20
gain	8	15	-93.22
gain	15	8	-92.06
gain	8	16	-92.34
gain	16	8	-91.97
gain	8	17	-85.50
gain	17	8	-82.77
gain	8	18	-80.18
gain	18	8	-82.01
gain	8	19	-86.62
gain	19	8	-86.80
gain	8	20	-100.53
gain	20	8	-98.84
gain	8	21	-93.91
gain	21	8	-93.12
gain	8	22	-93.00
gain	22	8	-89.64
gain	8	23	-90.90
gain	23	8	-92.47
gain	8	24	-99.06
gain	24	8	-96.88
gain	9	10	-99.82
gain	10	9	-94.35
gain	9	11	-95.36
gain	11	9	-93.12
gain	9	12	-83.55
gain	12	9	-80.93
gain	9	13	-76.28
gain	13	9	-72.77
gain	9	14	-67.40
gain	14	9	-68.40
gain	9	15	-96.86
gain	15	9	-97.57
gain	9	16	-98.78
gain	16	9	-100.27
gain	9	17	-84.85
gain	17	9	-83.98
gain	9	18	-85.25
gain	18	9	-88.95
gain	9	19	-84.98
gain	19	9	-87.02
gain	9	20	-98.30
gain	20	9	-98.46
gain	9	21	-100.81
gain	21	9	-101.89
gain	9	22	-95.97
gain	22	9	-94.48
gain	9	23	-90.09
gain	23	9	-93.53
gain	9	24	-91.18
gain	24	9	-90.86
gain	10	11	-67.31
gain	11	10	-70.54
gain	10	12	-71.93
gain	12	10	-74.78
gain	10	13	-87.11
gain	13	10	-89.07
gain	10	14	-89.08
gain	14	10	-95.55
gain	10	15	-62.00
gain	15	10	-68.17
gain	10	16	-69.93
gain	16	10	-76.89
gain	10	17	-82.22
gain	17	10	-86.82
gain	10	18	-86.04
gain	18	10	-95.20
gain	10	19	-100.48
gain	19	10	-107.99
gain	10	20	-81.90
gain	20	10	-87.54
gain	10	21	-77.78
gain	21	10	-84.33
gain	10	22	-85.21
gain	22	10	-89.18
gain	10	23	-88.30
gain	23	10	-97.21
gain	10	24	-88.59
gain	24	10	-93.75
gain	11	12	-70.39
gain	12	11	-70.01
gain	11	13	-78.37
gain	13	11	-77.10
gain	11	14	-90.63
gain	14	11	-93.87
gain	11	15	-75.27
gain	15	11	-78.21
gain	11	16	-67.03
gain	16	11	-70.75
gain	11	17	-69.47
gain	17	11	-70.85
gain	11	18	-81.22
gain	18	11	-87.16
gain	11	19	-93.27
gain	19	11	-97.55
gain	11	20	-82.06
gain	20	11	-84.46
gain	11	21	-83.06
gain	21	11	-86.37
gain	11	22	-85.43
gain	22	11	-86.17
gain	11	23	-86.81
gain	23	11	-92.49
gain	11	24	-87.41
gain	24	11	-89.33
gain	12	13	-75.16
gain	13	12	-74.27
gain	12	14	-73.96
gain	14	12	-77.58
gain	12	15	-84.02
gain	15	12	-87.34
gain	12	16	-75.22
gain	16	12	-79.33
gain	12	17	-68.69
gain	17	12	-70.44
gain	12	18	-69.72
gain	18	12	-76.04
gain	12	19	-88.00
gain	19	12	-92.66
gain	12	20	-91.39
gain	20	12	-94.17
gain	12	21	-81.52
gain	21	12	-85.21
gain	12	22	-77.74
gain	22	12	-78.87
gain	12	23	-80.34
gain	23	12	-86.39
gain	12	24	-88.24
gain	24	12	-90.54
gain	13	14	-70.53
gain	14	13	-75.04
gain	13	15	-88.22
gain	15	13	-92.43
gain	13	16	-84.35
gain	16	13	-89.34
gain	13	17	-76.44
gain	17	13	-79.08
gain	13	18	-72.60
gain	18	13	-79.80
gain	13	19	-75.29
gain	19	13	-80.84
gain	13	20	-90.61
gain	20	13	-94.28
gain	13	21	-85.53
gain	21	13	-90.12
gain	13	22	-85.40
gain	22	13	-87.42
gain	13	23	-79.01
gain	23	13	-85.95
gain	13	24	-75.38
gain	24	13	-78.57
gain	14	15	-100.57
gain	15	14	-100.27
gain	14	16	-96.15
gain	16	14	-96.64
gain	14	17	-89.60
gain	17	14	-87.73
gain	14	18	-74.59
gain	18	14	-77.29
gain	14	19	-71.17
gain	19	14	-72.21
gain	14	20	-100.44
gain	20	14	-99.61
gain	14	21	-97.58
gain	21	14	-97.65
gain	14	22	-95.55
gain	22	14	-93.06
gain	14	23	-87.76
gain	23	14	-90.19
gain	14	24	-86.17
gain	24	14	-84.86
gain	15	16	-78.09
gain	16	15	-78.87
gain	15	17	-88.33
gain	17	15	-86.77
gain	15	18	-94.18
gain	18	15	-97.18
gain	15	19	-93.62
gain	19	15	-94.96
gain	15	20	-69.93
gain	20	15	-69.39
gain	15	21	-80.16
gain	21	15	-80.53
gain	15	22	-84.80
gain	22	15	-82.60
gain	15	23	-95.38
gain	23	15	-98.11
gain	15	24	-96.79
gain	24	15	-95.77
gain	16	17	-66.40
gain	17	16	-64.05
gain	16	18	-83.94
gain	18	16	-86.15
gain	16	19	-85.14
gain	19	16	-85.69
gain	16	20	-74.68
gain	20	16	-73.35
gain	16	21	-69.84
gain	21	16	-69.43
gain	16	22	-77.46
gain	22	16	-74.48
gain	16	23	-83.51
gain	23	16	-85.45
gain	16	24	-100.96
gain	24	16	-99.16
gain	17	18	-71.61
gain	18	17	-76.17
gain	17	19	-84.01
gain	19	17	-86.91
gain	17	20	-83.30
gain	20	17	-84.34
gain	17	21	-76.97
gain	21	17	-78.91
gain	17	22	-64.78
gain	22	17	-64.15
gain	17	23	-78.80
gain	23	17	-83.10
gain	17	24	-87.00
gain	24	17	-87.55
gain	18	19	-74.03
gain	19	18	-72.38
gain	18	20	-97.79
gain	20	18	-94.26
gain	18	21	-90.57
gain	21	18	-87.95
gain	18	22	-76.97
gain	22	18	-71.79
gain	18	23	-74.74
gain	23	18	-74.47
gain	18	24	-77.10
gain	24	18	-73.09
gain	19	20	-101.45
gain	20	19	-99.57
gain	19	21	-92.31
gain	21	19	-91.34
gain	19	22	-85.98
gain	22	19	-82.45
gain	19	23	-74.09
gain	23	19	-75.49
gain	19	24	-65.03
gain	24	19	-62.67
gain	20	21	-65.75
gain	21	20	-66.66
gain	20	22	-80.98
gain	22	20	-79.32
gain	20	23	-93.65
gain	23	20	-96.92
gain	20	24	-99.18
gain	24	20	-98.69
gain	21	22	-76.95
gain	22	21	-74.38
gain	21	23	-85.05
gain	23	21	-87.41
gain	21	24	-92.56
gain	24	21	-91.17
gain	22	23	-73.92
gain	23	22	-78.85
gain	22	24	-82.66
gain	24	22	-83.83
gain	23	24	-76.11
gain	24	23	-72.36
noise	0	-103.79	4.00
noise	1	-104.98	4.00
noise	2	-103.91	4.00
noise	3	-105.18	4.00
noise	4	-105.14	4.00
noise	5	-105.46	4.00
noise	6	-102.57	4.00
noise	7	-105.87	4.00
noise	8	-102.13	4.00
noise	9	-104.60	4.00
noise	10	-107.88	4.00
noise	11	-105.88	4.00
noise	12	-104.21	4.00
noise	13	-106.83	4.00
noise	14	-104.36	4.00
noise	15	-104.08	4.00
noise	16	-105.45	4.00
noise	17	-104.57	4.00
noise	18	-103.00	4.00
noise	19	-103.13	4.00
noise	20	-106.87	4.00
noise	21	-105.52	4.00
noise	22	-106.40	4.00
noise	23	-102.41	4.00
noise	24	-106.38	4.00
