gain	0	1	-72.25
gain	1	0	-68.88
gain	0	2	-85.82
gain	2	0	-84.41
gain	0	3	-91.49
gain	3	0	-95.10
gain	0	4	-96.37
gain	4	0	-98.22
gain	0	5	-67.75
gain	5	0	-69.59
gain	0	6	-65.81
gain	6	0	-69.35
gain	0	7	-85.23
gain	7	0	-90.80
gain	0	8	-93.95
gain	8	0	-95.08
gain	0	9	-98.08
gain	9	0	-100.66
gain	0	10	-82.37
gain	10	0	-83.50
gain	0	11	-82.74
gain	11	0	-82.98
gain	0	12	-91.32
gain	12	0	-95.24
gain	0	13	-89.89
gain	13	0	-91.88
gain	0	14	-99.76
gain	14	0	-104.77
gain	0	15	-86.82
gain	15	0	-86.48
gain	0	16	-94.09
gain	16	0	-97.70
gain	0	17	-92.52
gain	17	0	-94.70
gain	0	18	-91.73
gain	18	0	-94.38
gain	0	19	-98.82
gain	19	0	-100.68
gain	0	20	-97.62
gain	20	0	-100.15
gain	0	21	-93.37
gain	21	0	-95.71
gain	0	22	-102.24
gain	22	0	-108.58
gain	0	23	-109.53
gain	23	0	-108.59
gain	0	24	-102.83
gain	24	0	-109.28
gain	1	2	-61.21
gain	2	1	-63.16
gain	1	3	-79.37
gain	3	1	-86.35
gain	1	4	-87.46
gain	4	1	-92.68
gain	1	5	-72.73
gain	5	1	-77.94
gain	1	6	-65.42
gain	6	1	-72.33
gain	1	7	-75.19
gain	7	1	-84.12
gain	1	8	-81.30
gain	8	1	-85.80
gain	1	9	-86.67
gain	9	1	-92.63
gain	1	10	-83.34
gain	10	1	-87.83
gain	1	11	-87.74
gain	11	1	-91.35
gain	1	12	-83.90
gain	12	1	-91.19
gain	1	13	-90.32
gain	13	1	-95.68
gain	1	14	-91.80
gain	14	1	-100.18
gain	1	15	-86.35
gain	15	1	-89.38
gain	1	16	-91.22
gain	16	1	-98.19
gain	1	17	-92.05
gain	17	1	-97.60
gain	1	18	-90.53
gain	18	1	-96.56
gain	1	19	-96.24
gain	19	1	-101.47
gain	1	20	-98.80
gain	20	1	-104.70
gain	1	21	-91.96
gain	21	1	-97.66
gain	1	22	-92.06
gain	22	1	-101.77
gain	1	23	-92.06
gain	23	1	-94.49
gain	1	24	-98.78
gain	24	1	-108.60
gain	2	3	-64.89
gain	3	2	-69.92
gain	2	4	-82.35
gain	4	2	-85.62
gain	2	5	-82.52
gain	5	2	-85.78
gain	2	6	-75.17
gain	6	2	-80.13
gain	2	7	-64.46
gain	7	2	-71.44
gain	2	8	-74.88
gain	8	2	-77.43
gain	2	9	-84.23
gain	9	2	-88.23
gain	2	10	-87.44
gain	10	2	-89.98
gain	2	11	-89.00
gain	11	2	-90.65
gain	2	12	-84.89
gain	12	2	-90.23
gain	2	13	-87.31
gain	13	2	-90.72
gain	2	14	-95.72
gain	14	2	-102.15
gain	2	15	-93.12
gain	15	2	-94.20
gain	2	16	-94.95
gain	16	2	-99.98
gain	2	17	-89.38
gain	17	2	-92.99
gain	2	18	-87.54
gain	18	2	-91.61
gain	2	19	-93.77
gain	19	2	-97.04
gain	2	20	-101.93
gain	20	2	-105.88
gain	2	21	-94.69
gain	21	2	-98.45
gain	2	22	-97.38
gain	22	2	-105.13
gain	2	23	-92.30
gain	23	2	-92.78
gain	2	24	-90.14
gain	24	2	-98.01
gain	3	4	-69.75
gain	4	3	-68.00
gain	3	5	-95.26
gain	5	3	-93.49
gain	3	6	-94.39
gain	6	3	-94.32
gain	3	7	-79.31
gain	7	3	-81.26
gain	3	8	-71.76
gain	8	3	-69.27
gain	3	9	-81.88
gain	9	3	-80.86
gain	3	10	-97.34
gain	10	3	-94.85
gain	3	11	-92.16
gain	11	3	-88.79
gain	3	12	-88.27
gain	12	3	-88.58
gain	3	13	-88.66
gain	13	3	-87.04
gain	3	14	-92.72
gain	14	3	-94.12
gain	3	15	-103.33
gain	15	3	-99.38
gain	3	16	-100.03
gain	16	3	-100.03
gain	3	17	-88.76
gain	17	3	-87.33
gain	3	18	-94.01
gain	18	3	-93.05
gain	3	19	-91.88
gain	19	3	-90.12
gain	3	20	-103.01
gain	20	3	-101.93
gain	3	21	-102.56
gain	21	3	-101.28
gain	3	22	-100.35
gain	22	3	-103.08
gain	3	23	-103.35
gain	23	3	-98.80
gain	3	24	-98.89
gain	24	3	-101.73
gain	4	5	-98.45
gain	5	4	-98.44
gain	4	6	-96.17
gain	6	4	-97.86
gain	4	7	-82.20
gain	7	4	-85.91
gain	4	8	-74.02
gain	8	4	-73.30
gain	4	9	-73.07
gain	9	4	-73.81
gain	4	10	-99.82
gain	10	4	-99.09
gain	4	11	-90.33
gain	11	4	-88.72
gain	4	12	-91.75
gain	12	4	-93.82
gain	4	13	-85.31
gain	13	4	-85.45
gain	4	14	-84.07
gain	14	4	-87.22
gain	4	15	-106.63
gain	15	4	-104.44
gain	4	16	-100.09
gain	16	4	-101.85
gain	4	17	-96.81
gain	17	4	-97.14
gain	4	18	-90.83
gain	18	4	-91.63
gain	4	19	-89.44
gain	19	4	-89.44
gain	4	20	-108.92
gain	20	4	-109.60
gain	4	21	-99.94
gain	21	4	-100.42
gain	4	22	-102.72
gain	22	4	-107.21
gain	4	23	-102.04
gain	23	4	-99.25
gain	4	24	-98.98
gain	24	4	-103.58
gain	5	6	-71.63
gain	6	5	-73.34
gain	5	7	-83.48
gain	7	5	-87.21
gain	5	8	-95.43
gain	8	5	-94.71
gain	5	9	-92.74
gain	9	5	-93.49
gain	5	10	-68.80
gain	10	5	-68.08
gain	5	11	-71.77
gain	11	5	-70.16
gain	5	12	-87.28
gain	12	5	-89.36
gain	5	13	-94.96
gain	13	5	-95.11
gain	5	14	-95.93
gain	14	5	-99.10
gain	5	15	-79.53
gain	15	5	-77.35
gain	5	16	-86.25
gain	16	5	-88.02
gain	5	17	-86.01
gain	17	5	-86.35
gain	5	18	-99.80
gain	18	5	-100.61
gain	5	19	-101.55
gain	19	5	-101.57
gain	5	20	-93.51
gain	20	5	-94.20
gain	5	21	-89.30
gain	21	5	-89.80
gain	5	22	-103.11
gain	22	5	-107.61
gain	5	23	-101.10
gain	23	5	-98.32
gain	5	24	-101.80
gain	24	5	-106.41
gain	6	7	-71.33
gain	7	6	-73.35
gain	6	8	-85.04
gain	8	6	-82.62
gain	6	9	-87.56
gain	9	6	-86.61
gain	6	10	-74.84
gain	10	6	-72.42
gain	6	11	-71.83
gain	11	6	-68.53
gain	6	12	-73.23
gain	12	6	-73.61
gain	6	13	-83.07
gain	13	6	-81.51
gain	6	14	-97.10
gain	14	6	-98.57
gain	6	15	-93.96
gain	15	6	-90.07
gain	6	16	-79.66
gain	16	6	-79.73
gain	6	17	-88.37
gain	17	6	-87.01
gain	6	18	-95.96
gain	18	6	-95.07
gain	6	19	-103.90
gain	19	6	-102.21
gain	6	20	-96.95
gain	20	6	-95.94
gain	6	21	-90.03
gain	21	6	-88.82
gain	6	22	-91.73
gain	22	6	-94.52
gain	6	23	-94.67
gain	23	6	-90.19
gain	6	24	-103.37
gain	24	6	-106.27
gain	7	8	-74.93
gain	8	7	-70.50
gain	7	9	-91.41
gain	9	7	-88.43
gain	7	10	-89.24
gain	10	7	-84.79
gain	7	11	-78.94
gain	11	7	-73.61
gain	7	12	-67.23
gain	12	7	-65.59
gain	7	13	-82.50
gain	13	7	-78.92
gain	7	14	-88.11
gain	14	7	-87.56
gain	7	15	-97.28
gain	15	7	-91.37
gain	7	16	-92.83
gain	16	7	-90.87
gain	7	17	-82.27
gain	17	7	-78.89
gain	7	18	-90.84
gain	18	7	-87.93
gain	7	19	-92.91
gain	19	7	-89.19
gain	7	20	-103.39
gain	20	7	-100.36
gain	7	21	-93.70
gain	21	7	-90.47
gain	7	22	-94.28
gain	22	7	-95.06
gain	7	23	-99.43
gain	23	7	-92.92
gain	7	24	-102.08
gain	24	7	-102.96
gain	8	9	-67.46
gain	9	8	-68.92
gain	8	10	-94.65
gain	10	8	-94.65
gain	8	11	-87.58
gain	11	8	-86.70
gain	8	12	-77.64
gain	12	8	-80.44
gain	8	13	-65.54
gain	13	8	-66.41
gain	8	14	-74.05
gain	14	8	-77.93
gain	8	15	-96.57
gain	15	8	-95.10
gain	8	16	-89.54
gain	16	8	-92.02
gain	8	17	-84.01
gain	17	8	-85.07
gain	8	18	-82.78
gain	18	8	-84.31
gain	8	19	-86.56
gain	19	8	-87.29
gain	8	20	-94.73
gain	20	8	-96.13
gain	8	21	-95.23
gain	21	8	-96.44
gain	8	22	-90.99
gain	22	8	-96.20
gain	8	23	-91.91
gain	23	8	-89.84
gain	8	24	-90.72
gain	24	8	-96.04
gain	9	10	-96.41
gain	10	9	-94.94
gain	9	11	-98.77
gain	11	9	-96.42
gain	9	12	-89.97
gain	12	9	-91.31
gain	9	13	-81.35
gain	13	9	-80.76
gain	9	14	-72.07
gain	14	9	-74.50
gain	9	15	-102.55
gain	15	9	-99.63
gain	9	16	-98.44
gain	16	9	-99.47
gain	9	17	-88.06
gain	17	9	-87.66
gain	9	18	-89.18
gain	18	9	-89.25
gain	9	19	-82.58
gain	19	9	-81.84
gain	9	20	-102.44
gain	20	9	-102.38
gain	9	21	-100.36
gain	21	9	-100.11
gain	9	22	-97.68
gain	22	9	-101.43
gain	9	23	-96.78
gain	23	9	-93.25
gain	9	24	-94.60
gain	24	9	-98.46
gain	10	11	-67.67
gain	11	10	-66.79
gain	10	12	-77.07
gain	12	10	-79.88
gain	10	13	-91.52
gain	13	10	-92.39
gain	10	14	-98.76
gain	14	10	-102.64
gain	10	15	-74.12
gain	15	10	-72.66
gain	10	16	-79.49
gain	16	10	-81.97
gain	10	17	-88.13
gain	17	10	-89.19
gain	10	18	-91.69
gain	18	10	-93.22
gain	10	19	-100.17
gain	19	10	-100.90
gain	10	20	-81.48
gain	20	10	-82.89
gain	10	21	-77.81
gain	21	10	-79.03
gain	10	22	-91.57
gain	22	10	-96.79
gain	10	23	-97.22
gain	23	10	-95.16
gain	10	24	-98.38
gain	24	10	-103.71
gain	11	12	-70.78
gain	12	11	-74.47
gain	11	13	-78.58
gain	13	11	-80.34
gain	11	14	-90.58
gain	14	11	-95.35
gain	11	15	-77.56
gain	15	11	-76.98
gain	11	16	-71.41
gain	16	11	-74.78
gain	11	17	-72.10
gain	17	11	-74.05
gain	11	18	-86.24
gain	18	11	-88.66
gain	11	19	-90.43
gain	19	11	-92.04
gain	11	20	-91.91
gain	20	11	-94.21
gain	11	21	-81.15
gain	21	11	-83.25
gain	11	22	-83.62
gain	22	11	-89.72
gain	11	23	-89.58
gain	23	11	-88.40
gain	11	24	-95.07
gain	24	11	-101.29
gain	12	13	-71.23
gain	13	12	-69.30
gain	12	14	-82.17
gain	14	12	-83.25
gain	12	15	-90.05
gain	15	12	-85.79
gain	12	16	-79.83
gain	16	12	-79.51
gain	12	17	-68.69
gain	17	12	-66.95
gain	12	18	-79.56
gain	18	12	-78.30
gain	12	19	-81.23
gain	19	12	-79.16
gain	12	20	-94.69
gain	20	12	-93.30
gain	12	21	-83.95
gain	21	12	-82.36
gain	12	22	-88.05
gain	22	12	-90.46
gain	12	23	-83.58
gain	23	12	-78.72
gain	12	24	-94.88
gain	24	12	-97.41
gain	13	14	-65.46
gain	14	13	-68.48
gain	13	15	-94.66
gain	15	13	-92.33
gain	13	16	-92.32
gain	16	13	-93.94
gain	13	17	-73.65
gain	17	13	-73.84
gain	13	18	-67.18
gain	18	13	-67.84
gain	13	19	-76.23
gain	19	13	-76.09
gain	13	20	-94.14
gain	20	13	-94.68
gain	13	21	-88.41
gain	21	13	-88.75
gain	13	22	-86.73
gain	22	13	-91.08
gain	13	23	-86.40
gain	23	13	-83.47
gain	13	24	-88.96
gain	24	13	-93.42
gain	14	15	-103.93
gain	15	14	-98.58
gain	14	16	-97.96
gain	16	14	-96.56
gain	14	17	-86.91
gain	17	14	-84.09
gain	14	18	-78.23
gain	18	14	-75.87
gain	14	19	-75.26
gain	19	14	-72.11
gain	14	20	-100.95
gain	20	14	-98.47
gain	14	21	-99.02
gain	21	14	-96.34
gain	14	22	-92.14
gain	22	14	-93.47
gain	14	23	-91.01
gain	23	14	-85.06
gain	14	24	-92.22
gain	24	14	-93.66
gain	15	16	-68.53
gain	16	15	-72.48
gain	15	17	-80.21
gain	17	15	-82.73
gain	15	18	-91.13
gain	18	15	-94.13
gain	15	19	-95.11
gain	19	15	-97.29
gain	15	20	-64.61
gain	20	15	-67.48
gain	15	21	-73.63
gain	21	15	-76.30
gain	15	22	-82.06
gain	22	15	-88.73
gain	15	23	-94.64
gain	23	15	-94.04
gain	15	24	-96.83
gain	24	15	-103.62
gain	16	17	-69.38
gain	17	16	-67.96
gain	16	18	-83.50
gain	18	16	-82.55
gain	16	19	-92.96
gain	19	16	-91.21
gain	16	20	-76.74
gain	20	16	-75.66
gain	16	21	-70.49
gain	21	16	-69.21
gain	16	22	-77.76
gain	22	16	-80.49
gain	16	23	-87.98
gain	23	16	-83.43
gain	16	24	-94.02
gain	24	16	-96.86
gain	17	18	-68.72
gain	18	17	-69.19
gain	17	19	-82.75
gain	19	17	-82.42
gain	17	20	-86.70
gain	20	17	-87.05
gain	17	21	-78.97
gain	21	17	-79.12
gain	17	22	-74.48
gain	22	17	-78.63
gain	17	23	-78.69
gain	23	17	-75.56
gain	17	24	-85.63
gain	24	17	-89.89
gain	18	19	-71.65
gain	19	18	-70.84
gain	18	20	-95.41
gain	20	18	-95.29
gain	18	21	-87.25
gain	21	18	-86.93
gain	18	22	-79.02
gain	22	18	-82.71
gain	18	23	-75.12
gain	23	18	-71.53
gain	18	24	-77.17
gain	24	18	-80.97
gain	19	20	-97.05
gain	20	19	-97.73
gain	19	21	-96.28
gain	21	19	-96.76
gain	19	22	-78.57
gain	22	19	-83.05
gain	19	23	-75.62
gain	23	19	-72.83
gain	19	24	-71.14
gain	24	19	-75.74
gain	20	21	-71.39
gain	21	20	-71.19
gain	20	22	-75.86
gain	22	20	-79.66
gain	20	23	-92.04
gain	23	20	-88.56
gain	20	24	-99.62
gain	24	20	-103.54
gain	21	22	-70.59
gain	22	21	-74.60
gain	21	23	-83.71
gain	23	21	-80.44
gain	21	24	-97.00
gain	24	21	-101.11
gain	22	23	-76.15
gain	23	22	-68.87
gain	22	24	-85.99
gain	24	22	-86.10
gain	23	24	-63.43
gain	24	23	-70.82
noise	0	-105.68	4.00
noise	1	-104.75	4.00
noise	2	-107.40	4.00
noise	3	-102.40	4.00
noise	4	-106.85	4.00
noise	5	-103.78	4.00
noise	6	-103.20	4.00
noise	7	-104.19	4.00
noise	8	-103.55	4.00
noise	9	-103.87	4.00
noise	10	-106.41	4.00
noise	11	-104.60	4.00
noise	12	-103.49	4.00
noise	13	-104.40	4.00
noise	14	-104.26	4.00
noise	15	-103.56	4.00
noise	16	-105.74	4.00
noise	17	-107.92	4.00
noise	18	-102.98	4.00
noise	19	-105.18	4.00
noise	20	-104.55	4.00
noise	21	-104.09	4.00
noise	22	-100.33	4.00
noise	23	-107.75	4.00
noise	24	-103.69	4.00
