gain	0	1	-72.25
gain	1	0	-69.91
gain	0	2	-87.52
gain	2	0	-84.13
gain	0	3	-95.55
gain	3	0	-93.11
gain	0	4	-96.51
gain	4	0	-91.89
gain	0	5	-73.99
gain	5	0	-70.14
gain	0	6	-78.63
gain	6	0	-76.58
gain	0	7	-89.05
gain	7	0	-84.36
gain	0	8	-90.18
gain	8	0	-87.57
gain	0	9	-101.22
gain	9	0	-96.29
gain	0	10	-84.94
gain	10	0	-84.78
gain	0	11	-81.83
gain	11	0	-79.73
gain	0	12	-89.07
gain	12	0	-85.25
gain	0	13	-97.62
gain	13	0	-100.14
gain	0	14	-105.65
gain	14	0	-104.34
gain	0	15	-90.10
gain	15	0	-89.24
gain	0	16	-93.92
gain	16	0	-90.33
gain	0	17	-96.78
gain	17	0	-93.23
gain	0	18	-98.54
gain	18	0	-96.93
gain	0	19	-105.14
gain	19	0	-103.58
gain	0	20	-100.50
gain	20	0	-99.72
gain	0	21	-103.06
gain	21	0	-107.12
gain	0	22	-102.92
gain	22	0	-98.54
gain	0	23	-103.59
gain	23	0	-101.66
gain	0	24	-106.92
gain	24	0	-105.41
gain	1	2	-72.35
gain	2	1	-71.31
gain	1	3	-83.11
gain	3	1	-83.01
gain	1	4	-93.20
gain	4	1	-90.92
gain	1	5	-78.20
gain	5	1	-76.68
gain	1	6	-71.67
gain	6	1	-71.97
gain	1	7	-75.05
gain	7	1	-72.70
gain	1	8	-83.54
gain	8	1	-83.27
gain	1	9	-92.10
gain	9	1	-89.51
gain	1	10	-86.07
gain	10	1	-88.26
gain	1	11	-82.29
gain	11	1	-82.52
gain	1	12	-91.87
gain	12	1	-90.40
gain	1	13	-91.01
gain	13	1	-95.86
gain	1	14	-97.55
gain	14	1	-98.58
gain	1	15	-94.80
gain	15	1	-96.29
gain	1	16	-92.97
gain	16	1	-91.72
gain	1	17	-90.24
gain	17	1	-89.04
gain	1	18	-96.28
gain	18	1	-97.00
gain	1	19	-92.60
gain	19	1	-93.38
gain	1	20	-97.97
gain	20	1	-99.53
gain	1	21	-95.54
gain	21	1	-101.94
gain	1	22	-96.82
gain	22	1	-94.78
gain	1	23	-100.25
gain	23	1	-100.68
gain	1	24	-101.94
gain	24	1	-102.78
gain	2	3	-69.23
gain	3	2	-70.17
gain	2	4	-80.78
gain	4	2	-79.54
gain	2	5	-82.85
gain	5	2	-82.38
gain	2	6	-77.23
gain	6	2	-78.56
gain	2	7	-63.63
gain	7	2	-62.33
gain	2	8	-74.70
gain	8	2	-75.47
gain	2	9	-83.71
gain	9	2	-82.16
gain	2	10	-89.81
gain	10	2	-93.04
gain	2	11	-87.29
gain	11	2	-88.57
gain	2	12	-85.89
gain	12	2	-85.46
gain	2	13	-80.16
gain	13	2	-86.06
gain	2	14	-87.24
gain	14	2	-89.31
gain	2	15	-89.32
gain	15	2	-91.86
gain	2	16	-90.01
gain	16	2	-89.80
gain	2	17	-90.28
gain	17	2	-90.11
gain	2	18	-90.36
gain	18	2	-92.12
gain	2	19	-90.38
gain	19	2	-92.21
gain	2	20	-105.16
gain	20	2	-107.76
gain	2	21	-89.06
gain	21	2	-96.50
gain	2	22	-94.39
gain	22	2	-93.39
gain	2	23	-100.47
gain	23	2	-101.93
gain	2	24	-97.73
gain	24	2	-99.60
gain	3	4	-69.12
gain	4	3	-66.93
gain	3	5	-95.98
gain	5	3	-94.56
gain	3	6	-80.56
gain	6	3	-80.95
gain	3	7	-69.48
gain	7	3	-67.23
gain	3	8	-66.81
gain	8	3	-66.64
gain	3	9	-78.63
gain	9	3	-76.14
gain	3	10	-90.32
gain	10	3	-92.61
gain	3	11	-89.57
gain	11	3	-89.91
gain	3	12	-78.62
gain	12	3	-77.24
gain	3	13	-86.75
gain	13	3	-91.70
gain	3	14	-84.56
gain	14	3	-85.69
gain	3	15	-97.38
gain	15	3	-98.97
gain	3	16	-97.27
gain	16	3	-96.11
gain	3	17	-90.76
gain	17	3	-89.65
gain	3	18	-92.19
gain	18	3	-93.01
gain	3	19	-91.66
gain	19	3	-92.54
gain	3	20	-100.06
gain	20	3	-101.71
gain	3	21	-100.96
gain	21	3	-107.46
gain	3	22	-99.90
gain	22	3	-97.95
gain	3	23	-95.35
gain	23	3	-95.86
gain	3	24	-98.36
gain	24	3	-99.29
gain	4	5	-96.61
gain	5	4	-97.38
gain	4	6	-93.68
gain	6	4	-96.25
gain	4	7	-83.40
gain	7	4	-83.33
gain	4	8	-73.52
gain	8	4	-75.53
gain	4	9	-69.02
gain	9	4	-68.71
gain	4	10	-100.42
gain	10	4	-104.88
gain	4	11	-90.44
gain	11	4	-92.95
gain	4	12	-84.20
gain	12	4	-85.00
gain	4	13	-93.24
gain	13	4	-100.37
gain	4	14	-77.11
gain	14	4	-80.42
gain	4	15	-96.75
gain	15	4	-100.52
gain	4	16	-96.96
gain	16	4	-97.99
gain	4	17	-91.18
gain	17	4	-92.25
gain	4	18	-92.19
gain	18	4	-95.20
gain	4	19	-90.11
gain	19	4	-93.18
gain	4	20	-100.44
gain	20	4	-104.28
gain	4	21	-100.93
gain	21	4	-109.61
gain	4	22	-100.19
gain	22	4	-100.43
gain	4	23	-94.63
gain	23	4	-97.33
gain	4	24	-94.33
gain	24	4	-97.45
gain	5	6	-68.81
gain	6	5	-70.62
gain	5	7	-79.07
gain	7	5	-78.24
gain	5	8	-94.42
gain	8	5	-95.66
gain	5	9	-98.52
gain	9	5	-97.45
gain	5	10	-70.17
gain	10	5	-73.87
gain	5	11	-78.50
gain	11	5	-80.25
gain	5	12	-77.25
gain	12	5	-77.29
gain	5	13	-93.50
gain	13	5	-99.87
gain	5	14	-98.80
gain	14	5	-101.35
gain	5	15	-84.47
gain	15	5	-87.48
gain	5	16	-89.27
gain	16	5	-89.53
gain	5	17	-87.65
gain	17	5	-87.96
gain	5	18	-95.58
gain	18	5	-97.82
gain	5	19	-99.01
gain	19	5	-101.31
gain	5	20	-94.58
gain	20	5	-97.65
gain	5	21	-92.32
gain	21	5	-100.23
gain	5	22	-92.97
gain	22	5	-92.45
gain	5	23	-96.25
gain	23	5	-98.19
gain	5	24	-102.58
gain	24	5	-104.94
gain	6	7	-68.17
gain	7	6	-65.53
gain	6	8	-81.34
gain	8	6	-80.78
gain	6	9	-90.20
gain	9	6	-87.32
gain	6	10	-79.11
gain	10	6	-81.01
gain	6	11	-67.84
gain	11	6	-67.79
gain	6	12	-78.88
gain	12	6	-77.11
gain	6	13	-78.82
gain	13	6	-83.38
gain	6	14	-93.49
gain	14	6	-94.23
gain	6	15	-83.27
gain	15	6	-84.47
gain	6	16	-79.52
gain	16	6	-77.97
gain	6	17	-87.13
gain	17	6	-85.63
gain	6	18	-89.11
gain	18	6	-89.54
gain	6	19	-94.39
gain	19	6	-94.88
gain	6	20	-94.52
gain	20	6	-95.78
gain	6	21	-89.32
gain	21	6	-95.43
gain	6	22	-87.59
gain	22	6	-85.26
gain	6	23	-91.19
gain	23	6	-91.32
gain	6	24	-102.47
gain	24	6	-103.02
gain	7	8	-71.54
gain	8	7	-73.61
gain	7	9	-84.51
gain	9	7	-84.26
gain	7	10	-84.27
gain	10	7	-88.80
gain	7	11	-71.94
gain	11	7	-74.52
gain	7	12	-65.37
gain	12	7	-66.24
gain	7	13	-80.81
gain	13	7	-88.01
gain	7	14	-86.15
gain	14	7	-89.53
gain	7	15	-90.12
gain	15	7	-93.96
gain	7	16	-81.86
gain	16	7	-82.95
gain	7	17	-80.36
gain	17	7	-81.50
gain	7	18	-82.24
gain	18	7	-85.31
gain	7	19	-82.38
gain	19	7	-85.51
gain	7	20	-96.68
gain	20	7	-100.59
gain	7	21	-94.47
gain	21	7	-103.21
gain	7	22	-87.07
gain	22	7	-87.37
gain	7	23	-90.58
gain	23	7	-93.35
gain	7	24	-88.23
gain	24	7	-91.42
gain	8	9	-62.65
gain	9	8	-60.33
gain	8	10	-91.30
gain	10	8	-93.76
gain	8	11	-84.89
gain	11	8	-85.40
gain	8	12	-74.55
gain	12	8	-73.35
gain	8	13	-68.23
gain	13	8	-73.35
gain	8	14	-69.24
gain	14	8	-70.54
gain	8	15	-93.54
gain	15	8	-95.29
gain	8	16	-92.19
gain	16	8	-91.21
gain	8	17	-82.63
gain	17	8	-81.69
gain	8	18	-87.44
gain	18	8	-88.43
gain	8	19	-83.33
gain	19	8	-84.39
gain	8	20	-95.86
gain	20	8	-97.69
gain	8	21	-92.17
gain	21	8	-98.84
gain	8	22	-90.88
gain	22	8	-89.11
gain	8	23	-95.14
gain	23	8	-95.83
gain	8	24	-93.19
gain	24	8	-94.30
gain	9	10	-94.05
gain	10	9	-98.82
gain	9	11	-91.76
gain	11	9	-94.58
gain	9	12	-82.80
gain	12	9	-83.91
gain	9	13	-70.50
gain	13	9	-77.94
gain	9	14	-61.64
gain	14	9	-65.26
gain	9	15	-94.20
gain	15	9	-98.28
gain	9	16	-90.67
gain	16	9	-92.00
gain	9	17	-87.64
gain	17	9	-89.02
gain	9	18	-81.52
gain	18	9	-84.83
gain	9	19	-78.18
gain	19	9	-81.56
gain	9	20	-99.91
gain	20	9	-104.06
gain	9	21	-99.95
gain	21	9	-108.94
gain	9	22	-94.87
gain	22	9	-95.42
gain	9	23	-91.11
gain	23	9	-94.12
gain	9	24	-88.66
gain	24	9	-92.08
gain	10	11	-74.45
gain	11	10	-72.50
gain	10	12	-86.90
gain	12	10	-83.24
gain	10	13	-92.25
gain	13	10	-94.92
gain	10	14	-103.28
gain	14	10	-102.13
gain	10	15	-74.43
gain	15	10	-73.73
gain	10	16	-80.50
gain	16	10	-77.06
gain	10	17	-81.84
gain	17	10	-78.45
gain	10	18	-95.46
gain	18	10	-94.00
gain	10	19	-99.78
gain	19	10	-98.38
gain	10	20	-87.65
gain	20	10	-87.02
gain	10	21	-86.85
gain	21	10	-91.06
gain	10	22	-94.69
gain	22	10	-90.46
gain	10	23	-102.13
gain	23	10	-100.37
gain	10	24	-102.85
gain	24	10	-101.50
gain	11	12	-71.72
gain	12	11	-70.01
gain	11	13	-85.14
gain	13	11	-89.76
gain	11	14	-90.44
gain	14	11	-91.24
gain	11	15	-78.93
gain	15	11	-80.18
gain	11	16	-69.26
gain	16	11	-67.77
gain	11	17	-73.25
gain	17	11	-71.81
gain	11	18	-82.02
gain	18	11	-82.51
gain	11	19	-91.62
gain	19	11	-92.16
gain	11	20	-84.18
gain	20	11	-85.50
gain	11	21	-83.19
gain	21	11	-89.35
gain	11	22	-88.79
gain	22	11	-86.52
gain	11	23	-91.66
gain	23	11	-91.85
gain	11	24	-94.94
gain	24	11	-95.54
gain	12	13	-62.96
gain	13	12	-69.28
gain	12	14	-85.43
gain	14	12	-87.94
gain	12	15	-82.95
gain	15	12	-85.91
gain	12	16	-73.87
gain	16	12	-74.09
gain	12	17	-63.17
gain	17	12	-63.44
gain	12	18	-76.20
gain	18	12	-78.40
gain	12	19	-84.22
gain	19	12	-86.48
gain	12	20	-88.31
gain	20	12	-91.34
gain	12	21	-84.15
gain	21	12	-92.03
gain	12	22	-81.54
gain	22	12	-80.98
gain	12	23	-87.34
gain	23	12	-89.23
gain	12	24	-90.82
gain	24	12	-93.13
gain	13	14	-71.41
gain	14	13	-67.60
gain	13	15	-98.35
gain	15	13	-94.99
gain	13	16	-91.78
gain	16	13	-85.68
gain	13	17	-77.69
gain	17	13	-71.64
gain	13	18	-74.10
gain	18	13	-69.97
gain	13	19	-82.24
gain	19	13	-78.17
gain	13	20	-95.50
gain	20	13	-92.21
gain	13	21	-95.92
gain	21	13	-97.47
gain	13	22	-95.33
gain	22	13	-88.44
gain	13	23	-82.32
gain	23	13	-77.89
gain	13	24	-89.93
gain	24	13	-85.91
gain	14	15	-96.36
gain	15	14	-96.81
gain	14	16	-95.14
gain	16	14	-92.86
gain	14	17	-86.56
gain	17	14	-84.32
gain	14	18	-79.75
gain	18	14	-79.44
gain	14	19	-62.47
gain	19	14	-62.22
gain	14	20	-94.49
gain	20	14	-95.01
gain	14	21	-94.34
gain	21	14	-99.71
gain	14	22	-90.70
gain	22	14	-87.63
gain	14	23	-87.74
gain	23	14	-87.12
gain	14	24	-91.22
gain	24	14	-91.02
gain	15	16	-72.26
gain	16	15	-69.51
gain	15	17	-84.77
gain	17	15	-82.07
gain	15	18	-86.66
gain	18	15	-85.89
gain	15	19	-101.56
gain	19	15	-100.85
gain	15	20	-66.48
gain	20	15	-66.55
gain	15	21	-77.13
gain	21	15	-82.04
gain	15	22	-86.27
gain	22	15	-82.74
gain	15	23	-94.48
gain	23	15	-93.41
gain	15	24	-97.60
gain	24	15	-96.95
gain	16	17	-70.14
gain	17	16	-70.19
gain	16	18	-86.80
gain	18	16	-88.78
gain	16	19	-86.65
gain	19	16	-88.69
gain	16	20	-70.09
gain	20	16	-72.90
gain	16	21	-67.62
gain	21	16	-75.27
gain	16	22	-74.79
gain	22	16	-74.01
gain	16	23	-77.37
gain	23	16	-79.04
gain	16	24	-91.32
gain	24	16	-93.41
gain	17	18	-69.01
gain	18	17	-70.94
gain	17	19	-78.77
gain	19	17	-80.76
gain	17	20	-84.72
gain	20	17	-87.48
gain	17	21	-76.38
gain	21	17	-83.98
gain	17	22	-68.24
gain	22	17	-67.41
gain	17	23	-76.64
gain	23	17	-78.27
gain	17	24	-87.58
gain	24	17	-89.62
gain	18	19	-67.73
gain	19	18	-67.79
gain	18	20	-93.48
gain	20	18	-94.31
gain	18	21	-83.85
gain	21	18	-89.53
gain	18	22	-74.40
gain	22	18	-71.64
gain	18	23	-66.97
gain	23	18	-66.66
gain	18	24	-77.77
gain	24	18	-77.88
gain	19	20	-99.49
gain	20	19	-100.26
gain	19	21	-89.42
gain	21	19	-95.03
gain	19	22	-84.15
gain	22	19	-81.33
gain	19	23	-78.09
gain	23	19	-77.72
gain	19	24	-72.26
gain	24	19	-72.32
gain	20	21	-70.00
gain	21	20	-74.84
gain	20	22	-86.19
gain	22	20	-82.59
gain	20	23	-94.45
gain	23	20	-93.31
gain	20	24	-105.94
gain	24	20	-105.22
gain	21	22	-77.82
gain	22	21	-69.38
gain	21	23	-86.05
gain	23	21	-80.07
gain	21	24	-96.74
gain	24	21	-91.17
gain	22	23	-71.06
gain	23	22	-73.52
gain	22	24	-83.99
gain	24	22	-86.87
gain	23	24	-64.44
gain	24	23	-64.86
noise	0	-102.62	4.00
noise	1	-105.72	4.00
noise	2	-106.33	4.00
noise	3	-105.89	4.00
noise	4	-106.86	4.00
noise	5	-104.65	4.00
noise	6	-102.84	4.00
noise	7	-107.28	4.00
noise	8	-107.18	4.00
noise	9	-107.44	4.00
noise	10	-106.23	4.00
noise	11	-106.30	4.00
noise	12	-107.75	4.00
noise	13	-101.76	4.00
noise	14	-104.16	4.00
noise	15	-106.10	4.00
noise	16	-106.17	4.00
noise	17	-106.17	4.00
noise	18	-105.52	4.00
noise	19	-103.43	4.00
noise	20	-104.27	4.00
noise	21	-102.71	4.00
noise	22	-106.01	4.00
noise	23	-107.96	4.00
noise	24	-106.08	4.00
