gain	0	1	-74.99
gain	1	0	-68.04
gain	0	2	-84.28
gain	2	0	-81.24
gain	0	3	-91.69
gain	3	0	-91.49
gain	0	4	-104.87
gain	4	0	-109.25
gain	0	5	-73.67
gain	5	0	-70.80
gain	0	6	-84.90
gain	6	0	-83.43
gain	0	7	-90.96
gain	7	0	-88.23
gain	0	8	-94.98
gain	8	0	-95.04
gain	0	9	-97.63
gain	9	0	-96.48
gain	0	10	-86.56
gain	10	0	-82.59
gain	0	11	-90.71
gain	11	0	-91.78
gain	0	12	-89.04
gain	12	0	-85.89
gain	0	13	-91.78
gain	13	0	-90.41
gain	0	14	-105.84
gain	14	0	-104.27
gain	0	15	-89.25
gain	15	0	-89.86
gain	0	16	-95.35
gain	16	0	-93.28
gain	0	17	-91.13
gain	17	0	-89.02
gain	0	18	-101.01
gain	18	0	-99.25
gain	0	19	-104.80
gain	19	0	-102.73
gain	0	20	-98.67
gain	20	0	-101.91
gain	0	21	-99.18
gain	21	0	-99.66
gain	0	22	-97.98
gain	22	0	-97.49
gain	0	23	-103.12
gain	23	0	-100.89
gain	0	24	-103.92
gain	24	0	-100.21
gain	1	2	-61.62
gain	2	1	-65.53
gain	1	3	-82.00
gain	3	1	-88.74
gain	1	4	-84.98
gain	4	1	-96.29
gain	1	5	-69.03
gain	5	1	-73.10
gain	1	6	-63.39
gain	6	1	-68.86
gain	1	7	-69.76
gain	7	1	-73.97
gain	1	8	-81.57
gain	8	1	-88.57
gain	1	9	-83.70
gain	9	1	-89.49
gain	1	10	-81.42
gain	10	1	-84.39
gain	1	11	-72.10
gain	11	1	-80.12
gain	1	12	-78.37
gain	12	1	-82.16
gain	1	13	-85.16
gain	13	1	-90.73
gain	1	14	-87.05
gain	14	1	-92.43
gain	1	15	-84.12
gain	15	1	-91.67
gain	1	16	-91.36
gain	16	1	-96.23
gain	1	17	-88.17
gain	17	1	-93.00
gain	1	18	-91.31
gain	18	1	-96.49
gain	1	19	-97.92
gain	19	1	-102.79
gain	1	20	-91.29
gain	20	1	-101.48
gain	1	21	-92.10
gain	21	1	-99.52
gain	1	22	-91.21
gain	22	1	-97.66
gain	1	23	-93.06
gain	23	1	-97.78
gain	1	24	-99.49
gain	24	1	-102.72
gain	2	3	-69.64
gain	3	2	-72.47
gain	2	4	-83.45
gain	4	2	-90.86
gain	2	5	-82.80
gain	5	2	-82.97
gain	2	6	-75.12
gain	6	2	-76.68
gain	2	7	-60.94
gain	7	2	-61.24
gain	2	8	-73.31
gain	8	2	-76.40
gain	2	9	-82.15
gain	9	2	-84.04
gain	2	10	-88.39
gain	10	2	-87.45
gain	2	11	-87.15
gain	11	2	-91.25
gain	2	12	-82.53
gain	12	2	-82.42
gain	2	13	-87.94
gain	13	2	-89.61
gain	2	14	-89.69
gain	14	2	-91.16
gain	2	15	-94.79
gain	15	2	-98.44
gain	2	16	-89.27
gain	16	2	-90.24
gain	2	17	-86.41
gain	17	2	-87.34
gain	2	18	-90.86
gain	18	2	-92.14
gain	2	19	-92.91
gain	19	2	-93.87
gain	2	20	-102.14
gain	20	2	-108.42
gain	2	21	-98.99
gain	21	2	-102.50
gain	2	22	-101.75
gain	22	2	-104.30
gain	2	23	-99.04
gain	23	2	-99.85
gain	2	24	-96.96
gain	24	2	-96.29
gain	3	4	-64.60
gain	4	3	-69.18
gain	3	5	-93.48
gain	5	3	-90.81
gain	3	6	-86.76
gain	6	3	-85.50
gain	3	7	-79.35
gain	7	3	-76.82
gain	3	8	-77.10
gain	8	3	-77.37
gain	3	9	-80.73
gain	9	3	-79.78
gain	3	10	-93.85
gain	10	3	-90.08
gain	3	11	-90.62
gain	11	3	-91.89
gain	3	12	-88.05
gain	12	3	-85.10
gain	3	13	-89.18
gain	13	3	-88.01
gain	3	14	-88.12
gain	14	3	-86.76
gain	3	15	-97.86
gain	15	3	-98.67
gain	3	16	-88.89
gain	16	3	-87.02
gain	3	17	-95.91
gain	17	3	-94.00
gain	3	18	-91.87
gain	18	3	-90.32
gain	3	19	-94.15
gain	19	3	-92.28
gain	3	20	-108.83
gain	20	3	-112.28
gain	3	21	-96.17
gain	21	3	-96.85
gain	3	22	-98.91
gain	22	3	-98.63
gain	3	23	-97.71
gain	23	3	-95.69
gain	3	24	-98.01
gain	24	3	-94.51
gain	4	5	-106.10
gain	5	4	-98.86
gain	4	6	-100.74
gain	6	4	-94.90
gain	4	7	-92.50
gain	7	4	-85.39
gain	4	8	-84.00
gain	8	4	-79.69
gain	4	9	-75.88
gain	9	4	-70.36
gain	4	10	-106.01
gain	10	4	-97.66
gain	4	11	-100.32
gain	11	4	-97.01
gain	4	12	-92.81
gain	12	4	-85.29
gain	4	13	-87.26
gain	13	4	-81.51
gain	4	14	-91.56
gain	14	4	-85.62
gain	4	15	-104.41
gain	15	4	-100.64
gain	4	16	-103.17
gain	16	4	-96.73
gain	4	17	-100.19
gain	17	4	-93.71
gain	4	18	-106.64
gain	18	4	-100.51
gain	4	19	-94.84
gain	19	4	-88.40
gain	4	20	-107.83
gain	20	4	-106.70
gain	4	21	-107.48
gain	21	4	-103.58
gain	4	22	-105.14
gain	22	4	-100.27
gain	4	23	-106.11
gain	23	4	-99.51
gain	4	24	-99.66
gain	24	4	-91.58
gain	5	6	-68.09
gain	6	5	-69.49
gain	5	7	-82.60
gain	7	5	-82.74
gain	5	8	-89.27
gain	8	5	-92.20
gain	5	9	-98.51
gain	9	5	-100.23
gain	5	10	-73.29
gain	10	5	-72.18
gain	5	11	-70.03
gain	11	5	-73.97
gain	5	12	-80.36
gain	12	5	-80.08
gain	5	13	-89.58
gain	13	5	-91.08
gain	5	14	-96.12
gain	14	5	-97.42
gain	5	15	-80.87
gain	15	5	-84.35
gain	5	16	-87.91
gain	16	5	-88.71
gain	5	17	-90.09
gain	17	5	-90.85
gain	5	18	-97.57
gain	18	5	-98.68
gain	5	19	-97.44
gain	19	5	-98.24
gain	5	20	-82.86
gain	20	5	-88.97
gain	5	21	-91.94
gain	21	5	-95.28
gain	5	22	-91.78
gain	22	5	-94.16
gain	5	23	-99.08
gain	23	5	-99.72
gain	5	24	-107.48
gain	24	5	-106.65
gain	6	7	-68.42
gain	7	6	-67.16
gain	6	8	-80.67
gain	8	6	-82.20
gain	6	9	-95.47
gain	9	6	-95.79
gain	6	10	-76.44
gain	10	6	-73.94
gain	6	11	-67.54
gain	11	6	-70.08
gain	6	12	-75.27
gain	12	6	-73.59
gain	6	13	-86.00
gain	13	6	-86.10
gain	6	14	-87.23
gain	14	6	-87.13
gain	6	15	-88.06
gain	15	6	-90.14
gain	6	16	-81.58
gain	16	6	-80.98
gain	6	17	-79.09
gain	17	6	-78.45
gain	6	18	-94.51
gain	18	6	-94.22
gain	6	19	-96.76
gain	19	6	-96.16
gain	6	20	-90.34
gain	20	6	-95.06
gain	6	21	-83.19
gain	21	6	-85.14
gain	6	22	-91.96
gain	22	6	-92.94
gain	6	23	-96.85
gain	23	6	-96.09
gain	6	24	-93.72
gain	24	6	-91.49
gain	7	8	-71.30
gain	8	7	-74.09
gain	7	9	-79.27
gain	9	7	-80.85
gain	7	10	-85.85
gain	10	7	-84.61
gain	7	11	-71.73
gain	11	7	-75.54
gain	7	12	-67.36
gain	12	7	-66.94
gain	7	13	-74.67
gain	13	7	-76.03
gain	7	14	-81.45
gain	14	7	-82.61
gain	7	15	-88.81
gain	15	7	-92.15
gain	7	16	-84.65
gain	16	7	-85.31
gain	7	17	-80.03
gain	17	7	-80.65
gain	7	18	-80.70
gain	18	7	-81.67
gain	7	19	-92.97
gain	19	7	-93.63
gain	7	20	-92.53
gain	20	7	-98.51
gain	7	21	-92.06
gain	21	7	-95.28
gain	7	22	-94.66
gain	22	7	-96.90
gain	7	23	-90.63
gain	23	7	-91.13
gain	7	24	-92.88
gain	24	7	-91.91
gain	8	9	-68.15
gain	9	8	-66.94
gain	8	10	-94.39
gain	10	8	-90.36
gain	8	11	-86.69
gain	11	8	-87.70
gain	8	12	-83.40
gain	12	8	-80.19
gain	8	13	-70.78
gain	13	8	-69.35
gain	8	14	-77.55
gain	14	8	-75.92
gain	8	15	-101.89
gain	15	8	-102.43
gain	8	16	-83.37
gain	16	8	-81.24
gain	8	17	-83.83
gain	17	8	-81.67
gain	8	18	-85.94
gain	18	8	-84.12
gain	8	19	-86.93
gain	19	8	-84.80
gain	8	20	-95.55
gain	20	8	-98.73
gain	8	21	-98.32
gain	21	8	-98.74
gain	8	22	-88.71
gain	22	8	-88.16
gain	8	23	-90.99
gain	23	8	-88.70
gain	8	24	-94.87
gain	24	8	-91.10
gain	9	10	-99.75
gain	10	9	-96.93
gain	9	11	-92.36
gain	11	9	-94.59
gain	9	12	-82.47
gain	12	9	-80.47
gain	9	13	-78.57
gain	13	9	-78.35
gain	9	14	-73.51
gain	14	9	-73.09
gain	9	15	-105.44
gain	15	9	-107.20
gain	9	16	-96.43
gain	16	9	-95.51
gain	9	17	-92.58
gain	17	9	-91.63
gain	9	18	-84.96
gain	18	9	-84.35
gain	9	19	-83.88
gain	19	9	-82.96
gain	9	20	-99.88
gain	20	9	-104.28
gain	9	21	-97.25
gain	21	9	-98.87
gain	9	22	-89.55
gain	22	9	-90.21
gain	9	23	-96.70
gain	23	9	-95.63
gain	9	24	-92.33
gain	24	9	-89.77
gain	10	11	-66.39
gain	11	10	-71.43
gain	10	12	-79.18
gain	12	10	-80.01
gain	10	13	-89.30
gain	13	10	-91.90
gain	10	14	-95.52
gain	14	10	-97.93
gain	10	15	-62.85
gain	15	10	-67.43
gain	10	16	-81.14
gain	16	10	-83.04
gain	10	17	-79.00
gain	17	10	-80.86
gain	10	18	-95.17
gain	18	10	-97.38
gain	10	19	-98.17
gain	19	10	-100.07
gain	10	20	-76.26
gain	20	10	-83.48
gain	10	21	-82.29
gain	21	10	-86.74
gain	10	22	-90.46
gain	22	10	-93.94
gain	10	23	-86.95
gain	23	10	-88.69
gain	10	24	-100.17
gain	24	10	-100.44
gain	11	12	-68.41
gain	12	11	-64.19
gain	11	13	-89.93
gain	13	11	-87.49
gain	11	14	-91.67
gain	14	11	-89.03
gain	11	15	-78.69
gain	15	11	-78.22
gain	11	16	-72.79
gain	16	11	-69.65
gain	11	17	-82.30
gain	17	11	-79.12
gain	11	18	-87.85
gain	18	11	-85.01
gain	11	19	-92.57
gain	19	11	-89.43
gain	11	20	-85.87
gain	20	11	-88.04
gain	11	21	-78.88
gain	21	11	-78.28
gain	11	22	-88.58
gain	22	11	-87.02
gain	11	23	-95.05
gain	23	11	-91.75
gain	11	24	-98.62
gain	24	11	-93.85
gain	12	13	-66.11
gain	13	12	-67.89
gain	12	14	-84.00
gain	14	12	-85.57
gain	12	15	-84.33
gain	15	12	-88.09
gain	12	16	-73.04
gain	16	12	-74.12
gain	12	17	-69.84
gain	17	12	-70.88
gain	12	18	-72.65
gain	18	12	-74.04
gain	12	19	-83.51
gain	19	12	-84.58
gain	12	20	-85.94
gain	20	12	-92.34
gain	12	21	-79.08
gain	21	12	-82.70
gain	12	22	-84.90
gain	22	12	-87.56
gain	12	23	-83.08
gain	23	12	-84.00
gain	12	24	-89.94
gain	24	12	-89.39
gain	13	14	-67.64
gain	14	13	-67.45
gain	13	15	-90.23
gain	15	13	-92.21
gain	13	16	-83.49
gain	16	13	-82.79
gain	13	17	-76.55
gain	17	13	-75.82
gain	13	18	-72.53
gain	18	13	-72.14
gain	13	19	-75.58
gain	19	13	-74.88
gain	13	20	-102.58
gain	20	13	-107.20
gain	13	21	-88.88
gain	21	13	-90.73
gain	13	22	-84.77
gain	22	13	-85.65
gain	13	23	-87.13
gain	23	13	-86.27
gain	13	24	-91.18
gain	24	13	-88.84
gain	14	15	-97.08
gain	15	14	-99.26
gain	14	16	-93.50
gain	16	14	-93.00
gain	14	17	-89.77
gain	17	14	-89.24
gain	14	18	-77.00
gain	18	14	-76.81
gain	14	19	-70.81
gain	19	14	-70.30
gain	14	20	-103.80
gain	20	14	-108.62
gain	14	21	-90.90
gain	21	14	-92.95
gain	14	22	-91.86
gain	22	14	-92.94
gain	14	23	-85.83
gain	23	14	-85.17
gain	14	24	-89.18
gain	24	14	-87.05
gain	15	16	-73.29
gain	16	15	-70.61
gain	15	17	-83.27
gain	17	15	-80.55
gain	15	18	-96.53
gain	18	15	-94.16
gain	15	19	-101.35
gain	19	15	-98.67
gain	15	20	-70.92
gain	20	15	-73.56
gain	15	21	-77.84
gain	21	15	-77.71
gain	15	22	-88.68
gain	22	15	-87.58
gain	15	23	-92.14
gain	23	15	-89.30
gain	15	24	-99.31
gain	24	15	-95.00
gain	16	17	-68.02
gain	17	16	-67.98
gain	16	18	-79.01
gain	18	16	-79.32
gain	16	19	-93.32
gain	19	16	-93.32
gain	16	20	-72.76
gain	20	16	-78.07
gain	16	21	-67.38
gain	21	16	-69.93
gain	16	22	-73.38
gain	22	16	-74.96
gain	16	23	-88.06
gain	23	16	-87.90
gain	16	24	-91.02
gain	24	16	-89.39
gain	17	18	-72.78
gain	18	17	-73.13
gain	17	19	-78.82
gain	19	17	-78.85
gain	17	20	-88.42
gain	20	17	-93.77
gain	17	21	-77.04
gain	21	17	-79.62
gain	17	22	-69.87
gain	22	17	-71.48
gain	17	23	-75.61
gain	23	17	-75.49
gain	17	24	-85.20
gain	24	17	-83.60
gain	18	19	-72.66
gain	19	18	-72.35
gain	18	20	-90.47
gain	20	18	-95.48
gain	18	21	-83.98
gain	21	18	-86.22
gain	18	22	-74.81
gain	22	18	-76.08
gain	18	23	-74.21
gain	23	18	-73.74
gain	18	24	-81.00
gain	24	18	-79.06
gain	19	20	-98.16
gain	20	19	-103.48
gain	19	21	-92.31
gain	21	19	-94.86
gain	19	22	-87.74
gain	22	19	-89.32
gain	19	23	-77.64
gain	23	19	-77.48
gain	19	24	-67.83
gain	24	19	-66.20
gain	20	21	-78.46
gain	21	20	-75.69
gain	20	22	-89.98
gain	22	20	-86.24
gain	20	23	-98.40
gain	23	20	-92.92
gain	20	24	-106.08
gain	24	20	-99.13
gain	21	22	-67.51
gain	22	21	-66.54
gain	21	23	-84.69
gain	23	21	-81.98
gain	21	24	-98.02
gain	24	21	-93.84
gain	22	23	-68.63
gain	23	22	-66.89
gain	22	24	-84.33
gain	24	22	-81.12
gain	23	24	-68.20
gain	24	23	-66.72
noise	0	-103.48	4.00
noise	1	-107.58	4.00
noise	2	-106.45	4.00
noise	3	-104.45	4.00
noise	4	-100.54	4.00
noise	5	-102.19	4.00
noise	6	-108.15	4.00
noise	7	-106.84	4.00
noise	8	-103.87	4.00
noise	9	-103.30	4.00
noise	10	-105.99	4.00
noise	11	-103.86	4.00
noise	12	-106.99	4.00
noise	13	-106.35	4.00
noise	14	-105.03	4.00
noise	15	-104.17	4.00
noise	16	-105.79	4.00
noise	17	-104.79	4.00
noise	18	-108.33	4.00
noise	19	-104.77	4.00
noise	20	-102.92	4.00
noise	21	-102.83	4.00
noise	22	-102.68	4.00
noise	23	-106.80	4.00
noise	24	-106.11	4.00
